0	10:10:50.582	Compiling 'MACD Sample'
0	10:10:50.582	Compiling 'Moving Average'
0	10:10:53.081	Compiling 'Accelerator'
0	10:10:53.081	Compiling 'Accumulation'
0	10:10:53.081	Compiling 'Alligator'
0	10:10:53.081	Compiling 'ATR'
0	10:10:53.081	Compiling 'Awesome'
0	10:10:53.081	Compiling 'Bands'
0	10:10:53.081	Compiling 'Bears'
0	10:10:53.081	Compiling 'Bulls'
0	10:10:53.081	Compiling 'CCI'
0	10:10:53.081	Compiling 'Custom Moving Averages'
0	10:10:53.081	Compiling 'Heiken Ashi'
0	10:10:53.081	Compiling 'Ichimoku'
0	10:10:53.081	Compiling 'iExposure'
0	10:10:53.081	Compiling 'MACD'
0	10:10:53.081	Compiling 'Momentum'
0	10:10:53.081	Compiling 'OsMA'
0	10:10:53.081	Compiling 'Parabolic'
0	10:10:53.081	Compiling 'RSI'
0	10:10:53.081	Compiling 'Stochastic'
0	10:10:53.082	Compiling 'ZigZag'
0	10:10:53.082	Compiling 'SimplePanel'
0	10:11:05.881	Compiling 'PeriodConverter'
0	10:11:05.881	Compiling 'DLLSampleTester'
0	10:11:05.881	Compiling 'PipeClient'
0	10:11:05.881	Compiling 'PipeClientPure'
0	10:11:09.174	Compiling 'stdlib'
