2	05:28:16.555	Expert LVRG_8 EURUSD,H4: removed
0	05:28:17.089	KOT MT4 build 1332 stopped
0	16:28:12.956	KOT MT4 build 1332 started (KOT LTD)
0	16:28:12.957	Microsoft Windows 7 x86, IE 11, 2 x Intel Xeon Platinum 8259CL  @ 2.50GHz, Memory: 874 / 2443 Mb, Disk: 22 / 49 Gb, GMT+0
0	16:28:12.957	Data Folder: C:\mt4
2	16:28:24.980	Expert IQtrading_(8) EURUSD,H4: loaded successfully
2	16:43:21.502	Expert IQtrading_(8) EURUSD,H4: removed
0	16:43:22.150	KOT MT4 build 1332 stopped
0	17:49:51.350	KOT MT4 build 1332 started (KOT LTD)
0	17:49:51.351	Microsoft Windows 7 x86, IE 11, 2 x Intel Xeon Platinum 8259CL  @ 2.50GHz, Memory: 923 / 2443 Mb, Disk: 22 / 49 Gb, GMT+0
0	17:49:51.351	Data Folder: C:\mt4
1	17:49:52.476	MQL Base: failed connect to server
0	18:01:09.324	KOT MT4 build 1332 stopped
0	18:02:51.432	KOT MT4 build 1332 started (KOT LTD)
0	18:02:51.433	Microsoft Windows 7 x86, IE 11, 2 x Intel Xeon Platinum 8259CL  @ 2.50GHz, Memory: 887 / 2443 Mb, Disk: 22 / 49 Gb, GMT+0
0	18:02:51.433	Data Folder: C:\mt4
0	18:18:00.411	KOT MT4 build 1332 started (KOT LTD)
0	18:18:00.412	Microsoft Windows 7 x86, IE 11, 2 x Intel Xeon Platinum 8259CL  @ 2.50GHz, Memory: 955 / 2443 Mb, Disk: 22 / 49 Gb, GMT+0
0	18:18:00.412	Data Folder: C:\mt4
2	18:18:02.525	Expert LVRG_8 EURUSD,H1: loaded successfully
0	18:21:01.949	KOT MT4 build 1332 started (KOT LTD)
0	18:21:01.950	Microsoft Windows 7 x86, IE 11, 2 x Intel Xeon Platinum 8259CL  @ 2.50GHz, Memory: 749 / 2443 Mb, Disk: 22 / 49 Gb, GMT+0
0	18:21:01.951	Data Folder: C:\mt4
2	18:21:04.614	Expert LVRG_8 EURUSD,H1: loaded successfully
0	18:21:36.337	KOT MT4 build 1332 started (KOT LTD)
0	18:21:36.338	Microsoft Windows 7 x86, IE 11, 2 x Intel Xeon Platinum 8259CL  @ 2.50GHz, Memory: 774 / 2443 Mb, Disk: 22 / 49 Gb, GMT+0
0	18:21:36.338	Data Folder: C:\mt4
2	18:21:38.709	Expert LVRG_8 EURUSD,H1: loaded successfully
0	18:26:59.144	KOT MT4 build 1332 started (KOT LTD)
0	18:26:59.148	Microsoft Windows 7 x86, IE 11, 2 x Intel Xeon Platinum 8259CL  @ 2.50GHz, Memory: 774 / 2443 Mb, Disk: 22 / 49 Gb, GMT+0
0	18:26:59.148	Data Folder: C:\mt4
2	18:27:01.777	Expert LVRG_8 EURUSD,H1: loaded successfully
0	18:32:39.932	KOT MT4 build 1332 started (KOT LTD)
0	18:32:39.934	Microsoft Windows 7 x86, IE 11, 2 x Intel Xeon Platinum 8259CL  @ 2.50GHz, Memory: 812 / 2443 Mb, Disk: 22 / 49 Gb, GMT+0
0	18:32:39.934	Data Folder: C:\mt4
2	18:32:42.640	Expert LVRG_8 EURUSD,H1: loaded successfully
0	18:38:36.750	KOT MT4 build 1332 started (KOT LTD)
0	18:38:36.752	Microsoft Windows 7 x86, IE 11, 2 x Intel Xeon Platinum 8259CL  @ 2.50GHz, Memory: 803 / 2443 Mb, Disk: 22 / 49 Gb, GMT+0
0	18:38:36.752	Data Folder: C:\mt4
2	18:38:39.367	Expert LVRG_8 EURUSD,H1: loaded successfully
0	18:39:34.700	KOT MT4 build 1332 started (KOT LTD)
0	18:39:34.701	Microsoft Windows 7 x86, IE 11, 2 x Intel Xeon Platinum 8259CL  @ 2.50GHz, Memory: 1065 / 2443 Mb, Disk: 22 / 49 Gb, GMT+0
0	18:39:34.701	Data Folder: C:\mt4
2	18:39:37.262	Expert LVRG_8 EURUSD,H1: loaded successfully
0	20:05:21.899	KOT MT4 build 1332 started (KOT LTD)
0	20:05:21.904	Microsoft Windows 7 x86, IE 11, 2 x Intel Xeon Platinum 8259CL  @ 2.50GHz, Memory: 978 / 2443 Mb, Disk: 19 / 49 Gb, GMT+0
0	20:05:21.904	Data Folder: C:\mt4
2	20:05:33.215	Expert LVRG_8 EURUSD,H1: loaded successfully
0	20:07:37.159	KOT MT4 build 1332 started (KOT LTD)
0	20:07:37.161	Microsoft Windows 7 x86, IE 11, 2 x Intel Xeon Platinum 8259CL  @ 2.50GHz, Memory: 1006 / 2443 Mb, Disk: 19 / 49 Gb, GMT+0
0	20:07:37.161	Data Folder: C:\mt4
2	20:07:39.196	Expert LVRG_8 EURUSD,H1: loaded successfully
