0	17:19:25.956	Migration: data to 'C:\Program Files (x86)\KOT MT4 Terminal' migration started
0	17:19:25.957	Migration: data migration finished, no virtual folder
0	17:19:25.959	LiveUpdate: update C:\Program Files (x86)\KOT MT4 Terminal\MQL4 folder started
0	17:19:26.031	LiveUpdate: update C:\Program Files (x86)\KOT MT4 Terminal\MQL4 folder finished
0	17:19:26.083	KOT MT4 build 1332 started (KOT LTD)
0	17:19:26.085	Microsoft Windows 7 x64, IE 11, 2 x Intel Xeon Platinum 8259CL  @ 2.50GHz, Memory: 773 / 2443 Mb, Disk: 14 / 49 Gb, GMT+0
0	17:19:26.085	Data Folder: C:\Program Files (x86)\KOT MT4 Terminal
0	17:19:26.466	Sources recompilation started
0	17:19:37.061	Sources recompilation finished (28 compiled in 10594 msec)
0	17:40:19.351	KOT MT4 build 1332 started (KOT LTD)
0	17:40:19.353	Microsoft Windows 7 x64, IE 11, 2 x Intel Xeon Platinum 8259CL  @ 2.50GHz, Memory: 833 / 2443 Mb, Disk: 14 / 49 Gb, GMT+0
0	17:40:19.353	Data Folder: Z:\MetaTrader
0	17:43:16.586	KOT MT4 build 1332 started (KOT LTD)
0	17:43:16.588	Microsoft Windows 7 x64, IE 11, 2 x Intel Xeon Platinum 8259CL  @ 2.50GHz, Memory: 767 / 2443 Mb, Disk: 14 / 49 Gb, GMT+0
0	17:43:16.588	Data Folder: Z:\MetaTrader
0	17:44:23.916	KOT MT4 build 1332 started (KOT LTD)
0	17:44:23.918	Microsoft Windows 7 x64, IE 11, 2 x Intel Xeon Platinum 8259CL  @ 2.50GHz, Memory: 769 / 2443 Mb, Disk: 14 / 49 Gb, GMT+0
0	17:44:23.918	Data Folder: Z:\MetaTrader
0	17:47:18.166	KOT MT4 build 1332 started (KOT LTD)
0	17:47:18.168	Microsoft Windows 7 x64, IE 11, 2 x Intel Xeon Platinum 8259CL  @ 2.50GHz, Memory: 792 / 2443 Mb, Disk: 14 / 49 Gb, GMT+0
0	17:47:18.168	Data Folder: Z:\MetaTrader
2	17:47:20.090	Expert LVRG_8 EURUSD,H4: loaded successfully
0	20:39:33.038	KOT MT4 build 1332 started (KOT LTD)
0	20:39:33.040	Microsoft Windows 7 x86, IE 11, 2 x Intel Xeon Platinum 8259CL  @ 2.50GHz, Memory: 700 / 2443 Mb, Disk: 12 / 49 Gb, GMT+0
0	20:39:33.040	Data Folder: C:\mt4
2	20:39:35.334	Expert LVRG_8 EURUSD,H4: loaded successfully
0	20:40:56.439	Account: new demo account '1453114' opened
0	20:41:35.726	'1453114': login on KOT-Demo through FOREX-Demo (ping: 8.51 ms)
0	20:41:36.064	'1453114': ping to current access point FOREX-Demo is 8.34 ms
2	20:41:37.153	Expert LVRG_8 EURUSD,H4: removed
0	20:55:42.924	KOT MT4 build 1332 started (KOT LTD)
0	20:55:42.925	Microsoft Windows 7 x86, IE 11, 2 x Intel Xeon Platinum 8259CL  @ 2.50GHz, Memory: 678 / 2443 Mb, Disk: 25 / 49 Gb, GMT+0
0	20:55:42.925	Data Folder: C:\mt4
2	20:55:45.469	Expert LVRG_8 EURUSD,M1: loaded successfully
0	20:56:19.239	KOT MT4 build 1332 started (KOT LTD)
0	20:56:19.241	Microsoft Windows 7 x86, IE 11, 2 x Intel Xeon Platinum 8259CL  @ 2.50GHz, Memory: 478 / 2443 Mb, Disk: 25 / 49 Gb, GMT+0
0	20:56:19.241	Data Folder: C:\mt4
2	20:56:22.279	Expert LVRG_8 EURUSD,M1: loaded successfully
0	21:10:31.949	KOT MT4 build 1332 started (KOT LTD)
0	21:10:31.951	Microsoft Windows 7 x86, IE 11, 2 x Intel Xeon Platinum 8259CL  @ 2.50GHz, Memory: 689 / 2443 Mb, Disk: 25 / 49 Gb, GMT+0
0	21:10:31.951	Data Folder: C:\mt4
2	21:10:34.138	Expert LVRG_8 EURUSD,M1: loaded successfully
0	21:11:07.758	Automated trading disabled
3	21:11:07.758	Automated trading disabled because the account has been changed
0	21:11:09.322	'1453114': login on KOT-Demo through FOREX-Demo (ping: 8.34 ms)
0	21:11:09.469	'1453114': previous successful authorization performed from 3.90.13.54
2	21:14:30.191	Expert LVRG_8 EURUSD,M1: removed
0	21:14:30.659	KOT MT4 build 1332 stopped
0	21:16:03.571	KOT MT4 build 1332 started (KOT LTD)
0	21:16:03.573	Microsoft Windows 7 x86, IE 11, 2 x Intel Xeon Platinum 8259CL  @ 2.50GHz, Memory: 680 / 2443 Mb, Disk: 25 / 49 Gb, GMT+0
0	21:16:03.573	Data Folder: C:\mt4
2	21:16:06.093	Expert LVRG_8 EURUSD,M1: loaded successfully
0	21:21:11.577	KOT MT4 build 1332 started (KOT LTD)
0	21:21:11.578	Microsoft Windows 7 x86, IE 11, 2 x Intel Xeon Platinum 8259CL  @ 2.50GHz, Memory: 686 / 2443 Mb, Disk: 25 / 49 Gb, GMT+0
0	21:21:11.578	Data Folder: C:\mt4
2	21:21:13.694	Expert LVRG_8 EURUSD,M1: loaded successfully
0	21:21:49.542	KOT MT4 build 1332 started (KOT LTD)
0	21:21:49.543	Microsoft Windows 7 x86, IE 11, 2 x Intel Xeon Platinum 8259CL  @ 2.50GHz, Memory: 686 / 2443 Mb, Disk: 25 / 49 Gb, GMT+0
0	21:21:49.543	Data Folder: C:\mt4
2	21:21:51.663	Expert LVRG_8 EURUSD,M1: loaded successfully
0	21:25:35.530	KOT MT4 build 1332 started (KOT LTD)
0	21:25:35.532	Microsoft Windows 7 x86, IE 11, 2 x Intel Xeon Platinum 8259CL  @ 2.50GHz, Memory: 685 / 2443 Mb, Disk: 25 / 49 Gb, GMT+0
0	21:25:35.532	Data Folder: C:\mt4
2	21:25:37.628	Expert LVRG_8 EURUSD,M1: loaded successfully
0	21:25:38.433	'1453114': login on KOT-Demo through FOREX-Demo (ping: 8.34 ms)
0	21:25:38.609	'1453114': previous successful authorization performed from 3.90.13.54
2	21:28:12.508	Expert LVRG_8 EURUSD,M1: removed
0	21:28:12.885	KOT MT4 build 1332 stopped
0	21:28:57.042	KOT MT4 build 1332 started (KOT LTD)
0	21:28:57.044	Microsoft Windows 7 x86, IE 11, 2 x Intel Xeon Platinum 8259CL  @ 2.50GHz, Memory: 684 / 2443 Mb, Disk: 25 / 49 Gb, GMT+0
0	21:28:57.044	Data Folder: C:\mt4
2	21:28:59.183	Expert LVRG_8 EURUSD,M1: loaded successfully
0	21:28:59.994	'1453114': login on KOT-Demo through FOREX-Demo (ping: 8.34 ms)
0	21:29:00.112	'1453114': previous successful authorization performed from 3.90.13.54
2	21:45:33.832	Expert LVRG_8 EURUSD,M1: removed
0	21:45:34.245	KOT MT4 build 1332 stopped
0	21:45:39.782	KOT MT4 build 1332 started (KOT LTD)
0	21:45:39.783	Microsoft Windows 7 x86, IE 11, 2 x Intel Xeon Platinum 8259CL  @ 2.50GHz, Memory: 651 / 2443 Mb, Disk: 25 / 49 Gb, GMT+0
0	21:45:39.783	Data Folder: C:\mt4
2	21:45:42.101	Expert LVRG_8 EURUSD,M1: loaded successfully
0	21:45:42.957	'1453114': login on KOT-Demo through FOREX-Demo (ping: 8.34 ms)
0	21:45:43.092	'1453114': previous successful authorization performed from 3.90.13.54
0	21:45:43.146	'1453114': ping to current access point FOREX-Demo is 8.37 ms
2	21:50:32.980	Expert LVRG_8 EURUSD,M1: removed
0	21:50:33.351	KOT MT4 build 1332 stopped
0	21:50:49.144	KOT MT4 build 1332 started (KOT LTD)
0	21:50:49.146	Microsoft Windows 7 x86, IE 11, 2 x Intel Xeon Platinum 8259CL  @ 2.50GHz, Memory: 664 / 2443 Mb, Disk: 25 / 49 Gb, GMT+0
0	21:50:49.146	Data Folder: C:\mt4
2	21:50:51.302	Expert LVRG_8 EURUSD,M1: loaded successfully
0	21:50:52.231	'1453114': login on KOT-Demo through FOREX-Demo (ping: 8.37 ms)
0	21:50:52.371	'1453114': previous successful authorization performed from 68.35.230.231
2	22:02:43.872	Expert LVRG_8 EURUSD,M1: removed
2	22:02:52.044	Expert LVRG_8 EURUSD,H1: loaded successfully
2	22:02:57.003	Expert LVRG_8 EURUSD,H1: removed
0	22:08:24.360	KOT MT4 build 1332 stopped
0	22:13:36.384	KOT MT4 build 1332 started (KOT LTD)
0	22:13:36.385	Microsoft Windows 7 x86, IE 11, 2 x Intel Xeon Platinum 8259CL  @ 2.50GHz, Memory: 669 / 2443 Mb, Disk: 25 / 49 Gb, GMT+0
0	22:13:36.385	Data Folder: C:\mt4
0	22:19:42.575	KOT MT4 build 1332 started (KOT LTD)
0	22:19:42.577	Microsoft Windows 7 x86, IE 11, 2 x Intel Xeon Platinum 8259CL  @ 2.50GHz, Memory: 683 / 2443 Mb, Disk: 25 / 49 Gb, GMT+0
0	22:19:42.577	Data Folder: C:\mt4
0	22:21:11.409	KOT MT4 build 1332 started (KOT LTD)
0	22:21:11.411	Microsoft Windows 7 x86, IE 11, 2 x Intel Xeon Platinum 8259CL  @ 2.50GHz, Memory: 486 / 2443 Mb, Disk: 25 / 49 Gb, GMT+0
0	22:21:11.411	Data Folder: C:\mt4
0	22:21:59.171	KOT MT4 build 1332 started (KOT LTD)
0	22:21:59.173	Microsoft Windows 7 x86, IE 11, 2 x Intel Xeon Platinum 8259CL  @ 2.50GHz, Memory: 466 / 2443 Mb, Disk: 25 / 49 Gb, GMT+0
0	22:21:59.173	Data Folder: C:\mt4
0	22:32:42.306	KOT MT4 build 1332 started (KOT LTD)
0	22:32:42.307	Microsoft Windows 7 x86, IE 11, 2 x Intel Xeon Platinum 8259CL  @ 2.50GHz, Memory: 661 / 2443 Mb, Disk: 25 / 49 Gb, GMT+0
0	22:32:42.307	Data Folder: C:\mt4
2	22:32:44.641	Expert LVRG_8 EURUSD,H4: loaded successfully
2	17:47:46.589	Expert LVRG_8 EURUSD,H4: removed
2	17:47:46.604	Expert IQtrading_(8) EURUSD,H4: loaded successfully
2	17:47:55.295	Expert IQtrading_(8) EURUSD,H4: removed
0	20:17:57.487	Automated trading disabled
1	20:19:12.471	'163042': connect failed [Invalid account]
0	22:25:50.469	'1453114': login on KOT-Demo through FOREX-Demo (ping: n/a)
0	22:25:50.647	'1453114': previous successful authorization performed from 3.90.13.54
0	22:25:50.804	'1453114': ping to current access point FOREX-Demo is 8.59 ms
0	22:25:52.403	'1453114': login on KOT-Demo through FOREX-Demo (ping: 8.59 ms)
0	22:25:52.516	'1453114': previous successful authorization performed from 3.90.13.54
2	22:26:03.256	Expert LVRG_8 EURUSD,H4: loaded successfully
2	22:59:51.352	Expert LVRG_8 EURUSD,H4: removed
